[2023-08-16 09:24:06,867] multiqc                                            [DEBUG  ]  This is MultiQC v1.13
[2023-08-16 09:24:06,870] multiqc                                            [DEBUG  ]  Found command line config: {'max_table_rows': 3000}
[2023-08-16 09:24:06,870] multiqc                                            [DEBUG  ]  New config: {'max_table_rows': 3000}
[2023-08-16 09:24:06,871] multiqc                                            [DEBUG  ]  Command used: /opt/conda/bin/multiqc -v -p -ip -f --data-dir --data-format tsv --cl-config max_table_rows: 3000 --filename fastq_screen_report --outdir fq_fp1_clmp_fp2_fqscrn fq_fp1_clmp_fp2_fqscrn
[2023-08-16 09:24:07,079] multiqc                                            [WARNING]  MultiQC Version v1.15 now available!
[2023-08-16 09:24:07,079] multiqc                                            [DEBUG  ]  Working dir : /home/e1garcia/shotgun_PIRE/pire_lcwgs_data_processing/taeniamia_zosterophora/1st_sequencing_run
[2023-08-16 09:24:07,079] multiqc                                            [DEBUG  ]  Template    : default
[2023-08-16 09:24:07,079] multiqc                                            [DEBUG  ]  Running Python 3.9.12 (main, Aug 29 2022, 00:54:58)  [GCC 11.2.0]
[2023-08-16 09:24:07,080] multiqc                                            [DEBUG  ]  Analysing modules: custom_content, ccs, ngsderive, purple, conpair, lima, peddy, somalier, methylQA, mosdepth, phantompeakqualtools, qualimap, preseq, quast, qorts, rna_seqc, rockhopper, rsem, rseqc, busco, bustools, goleft_indexcov, gffcompare, disambiguate, supernova, deeptools, sargasso, verifybamid, mirtrace, happy, mirtop, sambamba, homer, hops, macs2, theta2, snpeff, gatk, htseq, bcftools, featureCounts, fgbio, dragen, dedup, pbmarkdup, damageprofiler, biobambam2, jcvi, mtnucratio, picard, vep, sentieon, prokka, qc3C, nanostat, samblaster, samtools, sexdeterrmine, eigenstratdatabasetools, bamtools, jellyfish, vcftools, longranger, stacks, varscan2, snippy, bbmap, bismark, biscuit, hicexplorer, hicup, hicpro, salmon, kallisto, slamdunk, star, hisat2, tophat, bowtie2, bowtie1, snpsplit, odgi, pangolin, kat, leehom, adapterRemoval, clipandmerge, cutadapt, flexbar, kaiju, kraken, malt, trimmomatic, sickle, skewer, sortmerna, biobloomtools, fastq_screen, afterqc, fastp, fastqc, pychopper, pycoqc, minionqc, multivcfanalyzer, clusterflow, checkqc, bcl2fastq, bclconvert, interop, ivar, flash, seqyclean, optitype, whatshap
[2023-08-16 09:24:07,081] multiqc                                            [DEBUG  ]  Using temporary directory for creating report: /tmp/tmpal8awy1q
[2023-08-16 09:24:07,285] multiqc                                            [INFO   ]  Search path : /home/e1garcia/shotgun_PIRE/pire_lcwgs_data_processing/taeniamia_zosterophora/1st_sequencing_run/fq_fp1_clmp_fp2_fqscrn
[2023-08-16 09:32:25,956] multiqc                                            [DEBUG  ]  Summary of files that were skipped by the search: [skipped_module_specific_max_filesize: 8814] // [skipped_no_match: 2712] // [skipped_ignore_pattern: 1356]
[2023-08-16 09:32:27,172] multiqc.plots.bargraph                             [DEBUG  ]  Using matplotlib version 3.1.2
[2023-08-16 09:32:27,173] multiqc.plots.linegraph                            [DEBUG  ]  Using matplotlib version 3.1.2
[2023-08-16 09:32:27,176] multiqc                                            [DEBUG  ]  No samples found: custom_content
[2023-08-16 09:32:28,551] multiqc.modules.fastq_screen.fastq_screen          [INFO   ]  Found 678 reports
[2023-08-16 09:33:51,899] multiqc                                            [INFO   ]  Compressing plot data
[2023-08-16 09:33:52,067] multiqc                                            [INFO   ]  Report      : fq_fp1_clmp_fp2_fqscrn/fastq_screen_report.html
[2023-08-16 09:33:52,067] multiqc                                            [INFO   ]  Data        : fq_fp1_clmp_fp2_fqscrn/fastq_screen_report_data
[2023-08-16 09:33:52,068] multiqc                                            [DEBUG  ]  Moving data file from '/tmp/tmpal8awy1q/multiqc_data' to 'fq_fp1_clmp_fp2_fqscrn/fastq_screen_report_data'
[2023-08-16 09:33:52,118] multiqc                                            [INFO   ]  Plots       : fq_fp1_clmp_fp2_fqscrn/fastq_screen_report_plots
[2023-08-16 09:33:52,118] multiqc                                            [DEBUG  ]  Moving plots directory from '/tmp/tmpal8awy1q/multiqc_plots' to 'fq_fp1_clmp_fp2_fqscrn/fastq_screen_report_plots'
[2023-08-16 09:33:52,500] multiqc                                            [INFO   ]  MultiQC complete
