[2023-08-15 10:26:04,605] multiqc                                            [DEBUG  ]  This is MultiQC v1.13
[2023-08-15 10:26:04,607] multiqc                                            [DEBUG  ]  Found command line config: {'max_table_rows': 3000}
[2023-08-15 10:26:04,608] multiqc                                            [DEBUG  ]  New config: {'max_table_rows': 3000}
[2023-08-15 10:26:04,608] multiqc                                            [DEBUG  ]  Command used: /opt/conda/bin/multiqc -v -p -ip -f --data-dir --data-format tsv --cl-config max_table_rows: 3000 --filename 2nd_fastp_report --outdir fq_fp1_clmp_fp2 fq_fp1_clmp_fp2
[2023-08-15 10:26:04,846] multiqc                                            [WARNING]  MultiQC Version v1.15 now available!
[2023-08-15 10:26:04,847] multiqc                                            [DEBUG  ]  Working dir : /home/e1garcia/shotgun_PIRE/pire_lcwgs_data_processing/taeniamia_zosterophora/1st_sequencing_run
[2023-08-15 10:26:04,847] multiqc                                            [DEBUG  ]  Template    : default
[2023-08-15 10:26:04,847] multiqc                                            [DEBUG  ]  Running Python 3.9.12 (main, Aug 29 2022, 00:54:58)  [GCC 11.2.0]
[2023-08-15 10:26:04,848] multiqc                                            [DEBUG  ]  Analysing modules: custom_content, ccs, ngsderive, purple, conpair, lima, peddy, somalier, methylQA, mosdepth, phantompeakqualtools, qualimap, preseq, quast, qorts, rna_seqc, rockhopper, rsem, rseqc, busco, bustools, goleft_indexcov, gffcompare, disambiguate, supernova, deeptools, sargasso, verifybamid, mirtrace, happy, mirtop, sambamba, homer, hops, macs2, theta2, snpeff, gatk, htseq, bcftools, featureCounts, fgbio, dragen, dedup, pbmarkdup, damageprofiler, biobambam2, jcvi, mtnucratio, picard, vep, sentieon, prokka, qc3C, nanostat, samblaster, samtools, sexdeterrmine, eigenstratdatabasetools, bamtools, jellyfish, vcftools, longranger, stacks, varscan2, snippy, bbmap, bismark, biscuit, hicexplorer, hicup, hicpro, salmon, kallisto, slamdunk, star, hisat2, tophat, bowtie2, bowtie1, snpsplit, odgi, pangolin, kat, leehom, adapterRemoval, clipandmerge, cutadapt, flexbar, kaiju, kraken, malt, trimmomatic, sickle, skewer, sortmerna, biobloomtools, fastq_screen, afterqc, fastp, fastqc, pychopper, pycoqc, minionqc, multivcfanalyzer, clusterflow, checkqc, bcl2fastq, bclconvert, interop, ivar, flash, seqyclean, optitype, whatshap
[2023-08-15 10:26:04,848] multiqc                                            [DEBUG  ]  Using temporary directory for creating report: /tmp/tmpqmyt84hv
[2023-08-15 10:26:05,038] multiqc                                            [INFO   ]  Search path : /home/e1garcia/shotgun_PIRE/pire_lcwgs_data_processing/taeniamia_zosterophora/1st_sequencing_run/fq_fp1_clmp_fp2
[2023-08-15 10:27:00,596] multiqc                                            [DEBUG  ]  Summary of files that were skipped by the search: [skipped_module_specific_max_filesize: 2034] // [skipped_no_match: 1695] // [skipped_ignore_pattern: 1356]
[2023-08-15 10:27:01,577] multiqc.plots.bargraph                             [DEBUG  ]  Using matplotlib version 3.1.2
[2023-08-15 10:27:01,578] multiqc.plots.linegraph                            [DEBUG  ]  Using matplotlib version 3.1.2
[2023-08-15 10:27:01,580] multiqc                                            [DEBUG  ]  No samples found: custom_content
[2023-08-15 10:27:01,720] multiqc.modules.fastp.fastp                        [DEBUG  ]  No insert size plot data: Tzo-CMta_011-Ex1-10C-lcwgs-1-1.clmp.r1r2_fastp.json
[2023-08-15 10:27:01,863] multiqc.modules.fastp.fastp                        [DEBUG  ]  No insert size plot data: Tzo-CMta_013-Ex1-10E-lcwgs-1-1.clmp.r1r2_fastp.json
[2023-08-15 10:27:03,248] multiqc.modules.fastp.fastp                        [INFO   ]  Found 339 reports
[2023-08-15 10:28:24,756] multiqc                                            [INFO   ]  Compressing plot data
[2023-08-15 10:28:50,465] multiqc                                            [INFO   ]  Report      : fq_fp1_clmp_fp2/2nd_fastp_report.html
[2023-08-15 10:28:50,466] multiqc                                            [INFO   ]  Data        : fq_fp1_clmp_fp2/2nd_fastp_report_data
[2023-08-15 10:28:50,466] multiqc                                            [DEBUG  ]  Moving data file from '/tmp/tmpqmyt84hv/multiqc_data' to 'fq_fp1_clmp_fp2/2nd_fastp_report_data'
[2023-08-15 10:28:53,112] multiqc                                            [INFO   ]  Plots       : fq_fp1_clmp_fp2/2nd_fastp_report_plots
[2023-08-15 10:28:53,113] multiqc                                            [DEBUG  ]  Moving plots directory from '/tmp/tmpqmyt84hv/multiqc_plots' to 'fq_fp1_clmp_fp2/2nd_fastp_report_plots'
[2023-08-15 10:28:53,849] multiqc                                            [INFO   ]  MultiQC complete
