[2024-02-23 17:15:10,204] multiqc                                            [DEBUG  ]  This is MultiQC v1.13
[2024-02-23 17:15:10,207] multiqc                                            [DEBUG  ]  Found command line config: {'max_table_rows': 3000}
[2024-02-23 17:15:10,207] multiqc                                            [DEBUG  ]  New config: {'max_table_rows': 3000}
[2024-02-23 17:15:10,207] multiqc                                            [DEBUG  ]  Command used: /opt/conda/bin/multiqc -v -p -ip -f --data-dir --data-format tsv --cl-config max_table_rows: 3000 --filename 2nd_fastp_report --outdir fq_fp1_clmp_fp2 fq_fp1_clmp_fp2
[2024-02-23 17:15:10,995] multiqc                                            [WARNING]  MultiQC Version v1.20 now available!
[2024-02-23 17:15:10,996] multiqc                                            [DEBUG  ]  Working dir : /archive/carpenterlab/pire/pire_taeniamia_zosterophora_lcwgs/2nd_sequencing_run
[2024-02-23 17:15:10,996] multiqc                                            [DEBUG  ]  Template    : default
[2024-02-23 17:15:10,996] multiqc                                            [DEBUG  ]  Running Python 3.9.12 (main, Aug 29 2022, 00:54:58)  [GCC 11.2.0]
[2024-02-23 17:15:10,997] multiqc                                            [DEBUG  ]  Analysing modules: custom_content, ccs, ngsderive, purple, conpair, lima, peddy, somalier, methylQA, mosdepth, phantompeakqualtools, qualimap, preseq, quast, qorts, rna_seqc, rockhopper, rsem, rseqc, busco, bustools, goleft_indexcov, gffcompare, disambiguate, supernova, deeptools, sargasso, verifybamid, mirtrace, happy, mirtop, sambamba, homer, hops, macs2, theta2, snpeff, gatk, htseq, bcftools, featureCounts, fgbio, dragen, dedup, pbmarkdup, damageprofiler, biobambam2, jcvi, mtnucratio, picard, vep, sentieon, prokka, qc3C, nanostat, samblaster, samtools, sexdeterrmine, eigenstratdatabasetools, bamtools, jellyfish, vcftools, longranger, stacks, varscan2, snippy, bbmap, bismark, biscuit, hicexplorer, hicup, hicpro, salmon, kallisto, slamdunk, star, hisat2, tophat, bowtie2, bowtie1, snpsplit, odgi, pangolin, kat, leehom, adapterRemoval, clipandmerge, cutadapt, flexbar, kaiju, kraken, malt, trimmomatic, sickle, skewer, sortmerna, biobloomtools, fastq_screen, afterqc, fastp, fastqc, pychopper, pycoqc, minionqc, multivcfanalyzer, clusterflow, checkqc, bcl2fastq, bclconvert, interop, ivar, flash, seqyclean, optitype, whatshap
[2024-02-23 17:15:10,997] multiqc                                            [DEBUG  ]  Using temporary directory for creating report: /tmp/tmpucrrulz9
[2024-02-23 17:15:11,200] multiqc                                            [INFO   ]  Search path : /archive/carpenterlab/pire/pire_taeniamia_zosterophora_lcwgs/2nd_sequencing_run/fq_fp1_clmp_fp2
[2024-02-23 17:21:48,448] multiqc                                            [DEBUG  ]  Summary of files that were skipped by the search: [skipped_module_specific_max_filesize: 9852] // [skipped_no_match: 8210] // [skipped_ignore_pattern: 6568]
[2024-02-23 17:21:49,647] multiqc.plots.bargraph                             [DEBUG  ]  Using matplotlib version 3.1.2
[2024-02-23 17:21:49,648] multiqc.plots.linegraph                            [DEBUG  ]  Using matplotlib version 3.1.2
[2024-02-23 17:21:49,650] multiqc                                            [DEBUG  ]  No samples found: custom_content
[2024-02-23 17:22:34,786] multiqc.modules.fastp.fastp                        [INFO   ]  Found 1642 reports
[2024-02-23 17:27:17,667] multiqc                                            [INFO   ]  Compressing plot data
[2024-02-23 17:29:15,544] multiqc                                            [INFO   ]  Report      : fq_fp1_clmp_fp2/2nd_fastp_report.html
[2024-02-23 17:29:15,544] multiqc                                            [INFO   ]  Data        : fq_fp1_clmp_fp2/2nd_fastp_report_data
[2024-02-23 17:29:15,544] multiqc                                            [DEBUG  ]  Moving data file from '/tmp/tmpucrrulz9/multiqc_data' to 'fq_fp1_clmp_fp2/2nd_fastp_report_data'
[2024-02-23 17:29:20,116] multiqc                                            [INFO   ]  Plots       : fq_fp1_clmp_fp2/2nd_fastp_report_plots
[2024-02-23 17:29:20,116] multiqc                                            [DEBUG  ]  Moving plots directory from '/tmp/tmpucrrulz9/multiqc_plots' to 'fq_fp1_clmp_fp2/2nd_fastp_report_plots'
[2024-02-23 17:29:22,675] multiqc                                            [INFO   ]  MultiQC complete
