[2024-03-15 15:04:53,573] multiqc                                            [DEBUG  ]  This is MultiQC v1.13
[2024-03-15 15:04:53,580] multiqc                                            [DEBUG  ]  Found command line config: {'max_table_rows': 3000}
[2024-03-15 15:04:53,581] multiqc                                            [DEBUG  ]  New config: {'max_table_rows': 3000}
[2024-03-15 15:04:53,581] multiqc                                            [DEBUG  ]  Command used: /opt/conda/bin/multiqc -v -p -ip -f --data-dir --data-format tsv --cl-config max_table_rows: 3000 --filename fastq_screen_report --outdir /archive/carpenterlab/pire/pire_taeniamia_zosterophora_lcwgs/2nd_sequencing_run/fq_fp1_clmp_fp2_fqscrn/fq_fp1_clmp_fp2_fqscrn /archive/carpenterlab/pire/pire_taeniamia_zosterophora_lcwgs/2nd_sequencing_run/fq_fp1_clmp_fp2_fqscrn/fq_fp1_clmp_fp2_fqscrn
[2024-03-15 15:04:54,091] multiqc                                            [WARNING]  MultiQC Version v1.21 now available!
[2024-03-15 15:04:54,091] multiqc                                            [DEBUG  ]  Working dir : /archive/carpenterlab/pire/pire_taeniamia_zosterophora_lcwgs/2nd_sequencing_run
[2024-03-15 15:04:54,091] multiqc                                            [DEBUG  ]  Template    : default
[2024-03-15 15:04:54,091] multiqc                                            [DEBUG  ]  Running Python 3.9.12 (main, Aug 29 2022, 00:54:58)  [GCC 11.2.0]
[2024-03-15 15:04:54,092] multiqc                                            [DEBUG  ]  Analysing modules: custom_content, ccs, ngsderive, purple, conpair, lima, peddy, somalier, methylQA, mosdepth, phantompeakqualtools, qualimap, preseq, quast, qorts, rna_seqc, rockhopper, rsem, rseqc, busco, bustools, goleft_indexcov, gffcompare, disambiguate, supernova, deeptools, sargasso, verifybamid, mirtrace, happy, mirtop, sambamba, homer, hops, macs2, theta2, snpeff, gatk, htseq, bcftools, featureCounts, fgbio, dragen, dedup, pbmarkdup, damageprofiler, biobambam2, jcvi, mtnucratio, picard, vep, sentieon, prokka, qc3C, nanostat, samblaster, samtools, sexdeterrmine, eigenstratdatabasetools, bamtools, jellyfish, vcftools, longranger, stacks, varscan2, snippy, bbmap, bismark, biscuit, hicexplorer, hicup, hicpro, salmon, kallisto, slamdunk, star, hisat2, tophat, bowtie2, bowtie1, snpsplit, odgi, pangolin, kat, leehom, adapterRemoval, clipandmerge, cutadapt, flexbar, kaiju, kraken, malt, trimmomatic, sickle, skewer, sortmerna, biobloomtools, fastq_screen, afterqc, fastp, fastqc, pychopper, pycoqc, minionqc, multivcfanalyzer, clusterflow, checkqc, bcl2fastq, bclconvert, interop, ivar, flash, seqyclean, optitype, whatshap
[2024-03-15 15:04:54,092] multiqc                                            [DEBUG  ]  Using temporary directory for creating report: /tmp/tmpcss8tkda
[2024-03-15 15:04:54,337] multiqc                                            [INFO   ]  Search path : /archive/carpenterlab/pire/pire_taeniamia_zosterophora_lcwgs/2nd_sequencing_run/fq_fp1_clmp_fp2_fqscrn/fq_fp1_clmp_fp2_fqscrn
[2024-03-15 15:51:01,758] multiqc                                            [DEBUG  ]  Summary of files that were skipped by the search: [skipped_module_specific_max_filesize: 42549] // [skipped_no_match: 13116] // [skipped_ignore_pattern: 6555]
[2024-03-15 15:51:03,250] multiqc.plots.bargraph                             [DEBUG  ]  Using matplotlib version 3.1.2
[2024-03-15 15:51:03,251] multiqc.plots.linegraph                            [DEBUG  ]  Using matplotlib version 3.1.2
[2024-03-15 15:51:03,254] multiqc                                            [DEBUG  ]  No samples found: custom_content
[2024-03-15 15:51:57,294] multiqc.modules.fastq_screen.fastq_screen          [INFO   ]  Found 3273 reports
[2024-03-15 15:57:16,285] multiqc                                            [INFO   ]  Compressing plot data
[2024-03-15 15:57:17,152] multiqc                                            [INFO   ]  Report      : fq_fp1_clmp_fp2_fqscrn/fq_fp1_clmp_fp2_fqscrn/fastq_screen_report.html
[2024-03-15 15:57:17,152] multiqc                                            [INFO   ]  Data        : fq_fp1_clmp_fp2_fqscrn/fq_fp1_clmp_fp2_fqscrn/fastq_screen_report_data
[2024-03-15 15:57:17,153] multiqc                                            [DEBUG  ]  Moving data file from '/tmp/tmpcss8tkda/multiqc_data' to '/archive/carpenterlab/pire/pire_taeniamia_zosterophora_lcwgs/2nd_sequencing_run/fq_fp1_clmp_fp2_fqscrn/fq_fp1_clmp_fp2_fqscrn/fastq_screen_report_data'
[2024-03-15 15:57:18,215] multiqc                                            [INFO   ]  Plots       : fq_fp1_clmp_fp2_fqscrn/fq_fp1_clmp_fp2_fqscrn/fastq_screen_report_plots
[2024-03-15 15:57:18,215] multiqc                                            [DEBUG  ]  Moving plots directory from '/tmp/tmpcss8tkda/multiqc_plots' to '/archive/carpenterlab/pire/pire_taeniamia_zosterophora_lcwgs/2nd_sequencing_run/fq_fp1_clmp_fp2_fqscrn/fq_fp1_clmp_fp2_fqscrn/fastq_screen_report_plots'
[2024-03-15 15:57:21,721] multiqc                                            [INFO   ]  MultiQC complete
