[2023-08-14 17:12:11,281] multiqc                                            [DEBUG  ]  This is MultiQC v1.13
[2023-08-14 17:12:11,284] multiqc                                            [DEBUG  ]  Found command line config: {'max_table_rows': 3000}
[2023-08-14 17:12:11,284] multiqc                                            [DEBUG  ]  New config: {'max_table_rows': 3000}
[2023-08-14 17:12:11,285] multiqc                                            [DEBUG  ]  Command used: /opt/conda/bin/multiqc -v -p -ip -f --data-dir --data-format tsv --cl-config max_table_rows: 3000 --filename 1st_fastp_report --outdir fq_fp1 fq_fp1
[2023-08-14 17:12:11,588] multiqc                                            [WARNING]  MultiQC Version v1.15 now available!
[2023-08-14 17:12:11,589] multiqc                                            [DEBUG  ]  Working dir : /home/e1garcia/shotgun_PIRE/pire_lcwgs_data_processing/taeniamia_zosterophora/1st_sequencing_run
[2023-08-14 17:12:11,589] multiqc                                            [DEBUG  ]  Template    : default
[2023-08-14 17:12:11,589] multiqc                                            [DEBUG  ]  Running Python 3.9.12 (main, Aug 29 2022, 00:54:58)  [GCC 11.2.0]
[2023-08-14 17:12:11,590] multiqc                                            [DEBUG  ]  Analysing modules: custom_content, ccs, ngsderive, purple, conpair, lima, peddy, somalier, methylQA, mosdepth, phantompeakqualtools, qualimap, preseq, quast, qorts, rna_seqc, rockhopper, rsem, rseqc, busco, bustools, goleft_indexcov, gffcompare, disambiguate, supernova, deeptools, sargasso, verifybamid, mirtrace, happy, mirtop, sambamba, homer, hops, macs2, theta2, snpeff, gatk, htseq, bcftools, featureCounts, fgbio, dragen, dedup, pbmarkdup, damageprofiler, biobambam2, jcvi, mtnucratio, picard, vep, sentieon, prokka, qc3C, nanostat, samblaster, samtools, sexdeterrmine, eigenstratdatabasetools, bamtools, jellyfish, vcftools, longranger, stacks, varscan2, snippy, bbmap, bismark, biscuit, hicexplorer, hicup, hicpro, salmon, kallisto, slamdunk, star, hisat2, tophat, bowtie2, bowtie1, snpsplit, odgi, pangolin, kat, leehom, adapterRemoval, clipandmerge, cutadapt, flexbar, kaiju, kraken, malt, trimmomatic, sickle, skewer, sortmerna, biobloomtools, fastq_screen, afterqc, fastp, fastqc, pychopper, pycoqc, minionqc, multivcfanalyzer, clusterflow, checkqc, bcl2fastq, bclconvert, interop, ivar, flash, seqyclean, optitype, whatshap
[2023-08-14 17:12:11,590] multiqc                                            [DEBUG  ]  Using temporary directory for creating report: /tmp/tmpzp4gdnuo
[2023-08-14 17:12:11,871] multiqc                                            [INFO   ]  Search path : /home/e1garcia/shotgun_PIRE/pire_lcwgs_data_processing/taeniamia_zosterophora/1st_sequencing_run/fq_fp1
[2023-08-14 17:13:12,060] multiqc                                            [DEBUG  ]  Summary of files that were skipped by the search: [skipped_module_specific_max_filesize: 2034] // [skipped_no_match: 1695] // [skipped_ignore_pattern: 1356]
[2023-08-14 17:13:13,680] multiqc.plots.bargraph                             [DEBUG  ]  Using matplotlib version 3.1.2
[2023-08-14 17:13:13,681] multiqc.plots.linegraph                            [DEBUG  ]  Using matplotlib version 3.1.2
[2023-08-14 17:13:13,683] multiqc                                            [DEBUG  ]  No samples found: custom_content
[2023-08-14 17:13:14,047] multiqc.modules.fastp.fastp                        [DEBUG  ]  No insert size plot data: Tzo-CMta_013-Ex1-10E-lcwgs-1-1.fastp.json
[2023-08-14 17:13:14,396] multiqc.modules.fastp.fastp                        [DEBUG  ]  No insert size plot data: Tzo-CMta_015-Ex1-10G-lcwgs-1-1.fastp.json
[2023-08-14 17:13:14,713] multiqc.modules.fastp.fastp                        [DEBUG  ]  No insert size plot data: Tzo-CMta_028-Ex1-12D-lcwgs-1-1.fastp.json
[2023-08-14 17:13:15,226] multiqc.modules.fastp.fastp                        [DEBUG  ]  No insert size plot data: Tzo-CMta_011-Ex1-10C-lcwgs-1-1.fastp.json
[2023-08-14 17:13:15,419] multiqc.modules.fastp.fastp                        [INFO   ]  Found 339 reports
[2023-08-14 17:14:36,401] multiqc                                            [INFO   ]  Compressing plot data
[2023-08-14 17:15:02,917] multiqc                                            [INFO   ]  Report      : fq_fp1/1st_fastp_report.html
[2023-08-14 17:15:02,918] multiqc                                            [INFO   ]  Data        : fq_fp1/1st_fastp_report_data
[2023-08-14 17:15:02,918] multiqc                                            [DEBUG  ]  Moving data file from '/tmp/tmpzp4gdnuo/multiqc_data' to 'fq_fp1/1st_fastp_report_data'
[2023-08-14 17:15:05,587] multiqc                                            [INFO   ]  Plots       : fq_fp1/1st_fastp_report_plots
[2023-08-14 17:15:05,587] multiqc                                            [DEBUG  ]  Moving plots directory from '/tmp/tmpzp4gdnuo/multiqc_plots' to 'fq_fp1/1st_fastp_report_plots'
[2023-08-14 17:15:06,446] multiqc                                            [INFO   ]  MultiQC complete
